
> solartrack-backend@1.0.0 start
> node server.js

📡 Simulador activo — intervalo: 15s (producción: 900s)
   Plan M2M: 2.5MB/mes estimado · 10MB contratado
   Mensaje: 150 bytes · 2880 reportes/mes pasivo
   Batería: LFP 100Ah/1280Wh · Panel: 350W MPPT 98%
   🚨 Escenario demo: Parada 03 y 05 — choque → offline en ~75s
   ⚠  Reemplazar con webhooks reales al conectar hardware


🚀 SolarTrack backend running on port 3001
📡 WebSocket server ready
🗄  Database initialized
💾 GitHub persist: ⚠️  deshabilitado (configura GITHUB_TOKEN)

🚨 ESCENARIO: Choque detectado en Parada 03 y Parada 05
Client connected: admin
Client disconnected: admin
📉 ESCENARIO: Señal degradándose en Parada 03 y Parada 05...
📡 ESCENARIO: Último reporte de Parada 03 y Parada 05
🔴 ESCENARIO: Parada 03 y Parada 05 OFFLINE — sin señal
Client connected: admin
Client disconnected: admin
Client connected: admin
Client disconnected: admin
Client connected: admin
Client disconnected: admin
Client connected: admin
Client disconnected: admin
